----------------------------------------------------------------------------------------------------
----------------------------------------------------------------------------------------------------
	Section "Listener checks"		Datetime: 2023-March-23 00:00
----------------------------------------------------------------------------------------------------
----------------------------------------------------------------------------------------------------

--------------------	Output of the command "lsnrctl status"	--------------------


2023-03-23 00:00:01,967 | CRITICAL | Listener NOT started!
----------------------------------------------------------------------------------------------------
----------------------------------------------------------------------------------------------------
	Section "Listener checks"		Datetime: 2023-March-23 01:00
----------------------------------------------------------------------------------------------------
----------------------------------------------------------------------------------------------------

--------------------	Output of the command "lsnrctl status"	--------------------


2023-03-23 01:00:01,066 | CRITICAL | Listener NOT started!
----------------------------------------------------------------------------------------------------
----------------------------------------------------------------------------------------------------
	Section "Listener checks"		Datetime: 2023-March-23 02:00
----------------------------------------------------------------------------------------------------
----------------------------------------------------------------------------------------------------

--------------------	Output of the command "lsnrctl status"	--------------------


2023-03-23 02:00:01,181 | CRITICAL | Listener NOT started!
----------------------------------------------------------------------------------------------------
----------------------------------------------------------------------------------------------------
	Section "Listener checks"		Datetime: 2023-March-23 03:00
----------------------------------------------------------------------------------------------------
----------------------------------------------------------------------------------------------------

--------------------	Output of the command "lsnrctl status"	--------------------


2023-03-23 03:00:01,275 | CRITICAL | Listener NOT started!
----------------------------------------------------------------------------------------------------
----------------------------------------------------------------------------------------------------
	Section "Listener checks"		Datetime: 2023-March-23 04:00
----------------------------------------------------------------------------------------------------
----------------------------------------------------------------------------------------------------

--------------------	Output of the command "lsnrctl status"	--------------------


2023-03-23 04:00:01,391 | CRITICAL | Listener NOT started!
----------------------------------------------------------------------------------------------------
----------------------------------------------------------------------------------------------------
	Section "Listener checks"		Datetime: 2023-March-23 05:00
----------------------------------------------------------------------------------------------------
----------------------------------------------------------------------------------------------------

--------------------	Output of the command "lsnrctl status"	--------------------


2023-03-23 05:00:01,490 | CRITICAL | Listener NOT started!
----------------------------------------------------------------------------------------------------
----------------------------------------------------------------------------------------------------
	Section "Listener checks"		Datetime: 2023-March-23 06:00
----------------------------------------------------------------------------------------------------
----------------------------------------------------------------------------------------------------

--------------------	Output of the command "lsnrctl status"	--------------------


2023-03-23 06:00:01,596 | CRITICAL | Listener NOT started!
----------------------------------------------------------------------------------------------------
----------------------------------------------------------------------------------------------------
	Section "Listener checks"		Datetime: 2023-March-23 07:00
----------------------------------------------------------------------------------------------------
----------------------------------------------------------------------------------------------------

--------------------	Output of the command "lsnrctl status"	--------------------


2023-03-23 07:00:01,694 | CRITICAL | Listener NOT started!
----------------------------------------------------------------------------------------------------
----------------------------------------------------------------------------------------------------
	Section "Listener checks"		Datetime: 2023-March-23 08:00
----------------------------------------------------------------------------------------------------
----------------------------------------------------------------------------------------------------

--------------------	Output of the command "lsnrctl status"	--------------------


2023-03-23 08:00:01,801 | CRITICAL | Listener NOT started!
----------------------------------------------------------------------------------------------------
----------------------------------------------------------------------------------------------------
	Section "Listener checks"		Datetime: 2023-March-23 09:00
----------------------------------------------------------------------------------------------------
----------------------------------------------------------------------------------------------------

--------------------	Output of the command "lsnrctl status"	--------------------


2023-03-23 09:00:01,923 | CRITICAL | Listener NOT started!
----------------------------------------------------------------------------------------------------
----------------------------------------------------------------------------------------------------
	Section "Listener checks"		Datetime: 2023-March-23 10:00
----------------------------------------------------------------------------------------------------
----------------------------------------------------------------------------------------------------

--------------------	Output of the command "lsnrctl status"	--------------------


2023-03-23 10:00:02,030 | CRITICAL | Listener NOT started!
----------------------------------------------------------------------------------------------------
----------------------------------------------------------------------------------------------------
	Section "Database checks"		Datetime: 2023-March-23 11:00
----------------------------------------------------------------------------------------------------
----------------------------------------------------------------------------------------------------
2023-03-23 11:00:01,148 | CRITICAL | Connection on host 192.168.0.38 using oracle service orcldb is NOT possible!
2023-03-23 11:00:01,148 | CRITICAL | Database checks cannot be performed until the connection to tthe database is fixed!!
----------------------------------------------------------------------------------------------------
----------------------------------------------------------------------------------------------------
	Section "Database checks"		Datetime: 2023-March-23 12:00
----------------------------------------------------------------------------------------------------
----------------------------------------------------------------------------------------------------
2023-03-23 12:00:01,264 | CRITICAL | Connection on host 192.168.0.38 using oracle service orcldb is NOT possible!
2023-03-23 12:00:01,264 | CRITICAL | Database checks cannot be performed until the connection to tthe database is fixed!!
----------------------------------------------------------------------------------------------------
----------------------------------------------------------------------------------------------------
	Section "Database checks"		Datetime: 2023-March-23 13:00
----------------------------------------------------------------------------------------------------
----------------------------------------------------------------------------------------------------
2023-03-23 13:00:01,381 | CRITICAL | Connection on host 192.168.0.38 using oracle service orcldb is NOT possible!
2023-03-23 13:00:01,381 | CRITICAL | Database checks cannot be performed until the connection to tthe database is fixed!!
----------------------------------------------------------------------------------------------------
----------------------------------------------------------------------------------------------------
	Section "Database checks"		Datetime: 2023-March-23 14:00
----------------------------------------------------------------------------------------------------
----------------------------------------------------------------------------------------------------
2023-03-23 14:00:01,489 | CRITICAL | Connection on host 192.168.0.38 using oracle service orcldb is NOT possible!
2023-03-23 14:00:01,489 | CRITICAL | Database checks cannot be performed until the connection to tthe database is fixed!!
----------------------------------------------------------------------------------------------------
----------------------------------------------------------------------------------------------------
	Section "Database checks"		Datetime: 2023-March-23 15:00
----------------------------------------------------------------------------------------------------
----------------------------------------------------------------------------------------------------
2023-03-23 15:00:01,603 | CRITICAL | Connection on host 192.168.0.38 using oracle service orcldb is NOT possible!
2023-03-23 15:00:01,603 | CRITICAL | Database checks cannot be performed until the connection to tthe database is fixed!!
----------------------------------------------------------------------------------------------------
----------------------------------------------------------------------------------------------------
	Section "Database checks"		Datetime: 2023-March-23 16:00
----------------------------------------------------------------------------------------------------
----------------------------------------------------------------------------------------------------
2023-03-23 16:00:01,708 | CRITICAL | Connection on host 192.168.0.38 using oracle service orcldb is NOT possible!
2023-03-23 16:00:01,709 | CRITICAL | Database checks cannot be performed until the connection to tthe database is fixed!!
----------------------------------------------------------------------------------------------------
----------------------------------------------------------------------------------------------------
	Section "Database checks"		Datetime: 2023-March-23 17:00
----------------------------------------------------------------------------------------------------
----------------------------------------------------------------------------------------------------
2023-03-23 17:00:01,795 | CRITICAL | Connection on host 192.168.0.38 using oracle service orcldb is NOT possible!
2023-03-23 17:00:01,795 | CRITICAL | Database checks cannot be performed until the connection to tthe database is fixed!!
----------------------------------------------------------------------------------------------------
----------------------------------------------------------------------------------------------------
	Section "Database checks"		Datetime: 2023-March-23 18:00
----------------------------------------------------------------------------------------------------
----------------------------------------------------------------------------------------------------
2023-03-23 18:00:01,900 | CRITICAL | Connection on host 192.168.0.38 using oracle service orcldb is NOT possible!
2023-03-23 18:00:01,900 | CRITICAL | Database checks cannot be performed until the connection to tthe database is fixed!!
----------------------------------------------------------------------------------------------------
----------------------------------------------------------------------------------------------------
	Section "Database checks"		Datetime: 2023-March-23 19:00
----------------------------------------------------------------------------------------------------
----------------------------------------------------------------------------------------------------
2023-03-23 19:00:02,019 | CRITICAL | Connection on host 192.168.0.38 using oracle service orcldb is NOT possible!
2023-03-23 19:00:02,019 | CRITICAL | Database checks cannot be performed until the connection to tthe database is fixed!!
----------------------------------------------------------------------------------------------------
----------------------------------------------------------------------------------------------------
	Section "Database checks"		Datetime: 2023-March-23 20:00
----------------------------------------------------------------------------------------------------
----------------------------------------------------------------------------------------------------
2023-03-23 20:00:01,141 | CRITICAL | Connection on host 192.168.0.38 using oracle service orcldb is NOT possible!
2023-03-23 20:00:01,141 | CRITICAL | Database checks cannot be performed until the connection to tthe database is fixed!!
----------------------------------------------------------------------------------------------------
----------------------------------------------------------------------------------------------------
	Section "Database checks"		Datetime: 2023-March-23 21:00
----------------------------------------------------------------------------------------------------
----------------------------------------------------------------------------------------------------
2023-03-23 21:00:01,235 | CRITICAL | Connection on host 192.168.0.38 using oracle service orcldb is NOT possible!
2023-03-23 21:00:01,235 | CRITICAL | Database checks cannot be performed until the connection to tthe database is fixed!!
----------------------------------------------------------------------------------------------------
----------------------------------------------------------------------------------------------------
	Section "Database checks"		Datetime: 2023-March-23 22:00
----------------------------------------------------------------------------------------------------
----------------------------------------------------------------------------------------------------
2023-03-23 22:00:01,345 | CRITICAL | Connection on host 192.168.0.38 using oracle service orcldb is NOT possible!
2023-03-23 22:00:01,345 | CRITICAL | Database checks cannot be performed until the connection to tthe database is fixed!!
----------------------------------------------------------------------------------------------------
----------------------------------------------------------------------------------------------------
	Section "Database checks"		Datetime: 2023-March-23 23:00
----------------------------------------------------------------------------------------------------
----------------------------------------------------------------------------------------------------
2023-03-23 23:00:01,450 | CRITICAL | Connection on host 192.168.0.38 using oracle service orcldb is NOT possible!
2023-03-23 23:00:01,450 | CRITICAL | Database checks cannot be performed until the connection to tthe database is fixed!!
