----------------------------------------------------------------------------------------------------
----------------------------------------------------------------------------------------------------
	Section "Operating system checks"		Datetime: 2023-March-20 17:35
----------------------------------------------------------------------------------------------------
----------------------------------------------------------------------------------------------------
2023-03-20 17:35:05,057 |     INFO | The system CPU idle is 91.
2023-03-20 17:35:05,062 |     INFO | The system Free Memory is 25470 Mb, more than 10% of the total 31973 Mb.
2023-03-20 17:35:05,064 |     INFO | /run usage is 1%.
2023-03-20 17:35:05,064 |     INFO | / usage is 43%.
2023-03-20 17:35:05,064 |     INFO | /mnt/webapp_1 usage is 2%.
----------------------------------------------------------------------------------------------------
----------------------------------------------------------------------------------------------------
	Section "Operating system checks"		Datetime: 2023-March-20 17:36
----------------------------------------------------------------------------------------------------
----------------------------------------------------------------------------------------------------
2023-03-20 17:36:04,095 |     INFO | The system CPU idle is 98.
2023-03-20 17:36:04,102 |     INFO | The system Free Memory is 25476 Mb, more than 10% of the total 31973 Mb.
2023-03-20 17:36:04,110 |     INFO | /run usage is 1%.
2023-03-20 17:36:04,110 |     INFO | / usage is 43%.
2023-03-20 17:36:04,110 |     INFO | /mnt/webapp_1 usage is 2%.
