----------------------------------------------------------------------------------------------------
----------------------------------------------------------------------------------------------------
	Section "Database checks"		Datetime: 2023-March-22 14:09
----------------------------------------------------------------------------------------------------
----------------------------------------------------------------------------------------------------
2023-03-22 14:09:21,671 |     INFO | Connection on host 192.168.0.38 using oracle service orcldb is OK!
2023-03-22 14:09:21,678 |     INFO | Tablespace ORCL_CDB_OMF usage is    1.0%.
2023-03-22 14:09:21,678 |     INFO | Tablespace SYSAUX usage is   78.5%.
2023-03-22 14:09:21,678 | CRITICAL | Tablespace SYSTEM usage is   99.2%!
2023-03-22 14:09:21,678 | CRITICAL | Tablespace TEMP usage is  300.0%!
2023-03-22 14:09:21,678 |     INFO | Tablespace UNDOTBS1 usage is    5.2%.
2023-03-22 14:09:21,678 |     INFO | Tablespace USERS usage is   86.3%.
2023-03-22 14:09:21,680 | CRITICAL | Database  backup DB INCR FAILED on 01/25/23 08:21!
2023-03-22 14:09:21,682 |     INFO | Archivelog backup ARCHIVELOG is COMPLETED on 03/22/23 07:38 and took 0.5 minutes.
----------------------------------------------------------------------------------------------------
----------------------------------------------------------------------------------------------------
	Section "Database checks"		Datetime: 2023-March-22 14:27
----------------------------------------------------------------------------------------------------
----------------------------------------------------------------------------------------------------
2023-03-22 14:27:55,999 |     INFO | Connection on host 192.168.0.38 using oracle service orcldb is OK!
2023-03-22 14:27:56,088 |     INFO | Tablespace ORCL_CDB_OMF usage is    1.0%.
2023-03-22 14:27:56,088 |     INFO | Tablespace SYSAUX usage is   78.5%.
2023-03-22 14:27:56,088 | CRITICAL | Tablespace SYSTEM usage is   99.2%!
2023-03-22 14:27:56,089 | CRITICAL | Tablespace TEMP usage is  300.0%!
2023-03-22 14:27:56,089 |     INFO | Tablespace UNDOTBS1 usage is    5.2%.
2023-03-22 14:27:56,089 |     INFO | Tablespace USERS usage is   86.3%.
2023-03-22 14:27:56,124 | CRITICAL | Database  backup DB INCR FAILED on 01/25/23 08:21!
2023-03-22 14:27:56,134 |     INFO | Archivelog backup ARCHIVELOG is COMPLETED on 03/22/23 07:38 and took 0.5 minutes.
----------------------------------------------------------------------------------------------------
----------------------------------------------------------------------------------------------------
	Section "Listener checks"		Datetime: 2023-March-22 14:27
----------------------------------------------------------------------------------------------------
----------------------------------------------------------------------------------------------------

--------------------	Output of the command "lsnrctl status"	--------------------



--------------------	Output of the command "lsnrctl services"	--------------------


----------------------------------------------------------------------------------------------------
----------------------------------------------------------------------------------------------------
	Section "Database checks"		Datetime: 2023-March-22 14:28
----------------------------------------------------------------------------------------------------
----------------------------------------------------------------------------------------------------
2023-03-22 14:28:23,612 |     INFO | Connection on host 192.168.0.38 using oracle service orcldb is OK!
2023-03-22 14:28:23,691 |     INFO | Tablespace ORCL_CDB_OMF usage is    1.0%.
2023-03-22 14:28:23,691 |     INFO | Tablespace SYSAUX usage is   78.5%.
2023-03-22 14:28:23,691 | CRITICAL | Tablespace SYSTEM usage is   99.2%!
2023-03-22 14:28:23,691 | CRITICAL | Tablespace TEMP usage is  300.0%!
2023-03-22 14:28:23,691 |     INFO | Tablespace UNDOTBS1 usage is    5.2%.
2023-03-22 14:28:23,691 |     INFO | Tablespace USERS usage is   86.3%.
2023-03-22 14:28:23,723 | CRITICAL | Database  backup DB INCR FAILED on 01/25/23 08:21!
2023-03-22 14:28:23,733 |     INFO | Archivelog backup ARCHIVELOG is COMPLETED on 03/22/23 07:38 and took 0.5 minutes.
----------------------------------------------------------------------------------------------------
----------------------------------------------------------------------------------------------------
	Section "Listener checks"		Datetime: 2023-March-22 14:28
----------------------------------------------------------------------------------------------------
----------------------------------------------------------------------------------------------------

--------------------	Output of the command "lsnrctl status"	--------------------


----------------------------------------------------------------------------------------------------
----------------------------------------------------------------------------------------------------
	Section "Database checks"		Datetime: 2023-March-22 14:28
----------------------------------------------------------------------------------------------------
----------------------------------------------------------------------------------------------------
2023-03-22 14:28:59,179 |     INFO | Connection on host 192.168.0.38 using oracle service orcldb is OK!
2023-03-22 14:28:59,249 |     INFO | Tablespace ORCL_CDB_OMF usage is    1.0%.
2023-03-22 14:28:59,249 |     INFO | Tablespace SYSAUX usage is   78.5%.
2023-03-22 14:28:59,249 | CRITICAL | Tablespace SYSTEM usage is   99.2%!
2023-03-22 14:28:59,249 | CRITICAL | Tablespace TEMP usage is  300.0%!
2023-03-22 14:28:59,249 |     INFO | Tablespace UNDOTBS1 usage is    5.2%.
2023-03-22 14:28:59,249 |     INFO | Tablespace USERS usage is   86.3%.
2023-03-22 14:28:59,251 | CRITICAL | Database  backup DB INCR FAILED on 01/25/23 08:21!
2023-03-22 14:28:59,252 |     INFO | Archivelog backup ARCHIVELOG is COMPLETED on 03/22/23 07:38 and took 0.5 minutes.
----------------------------------------------------------------------------------------------------
----------------------------------------------------------------------------------------------------
	Section "Listener checks"		Datetime: 2023-March-22 14:28
----------------------------------------------------------------------------------------------------
----------------------------------------------------------------------------------------------------

--------------------	Output of the command "lsnrctl status"	--------------------


